<?xml version="1.0" encoding="UTF-8"?>
<!-- Generated by org.testng.reporters.JUnitReportReporter -->
<testsuite hostname="LAPTOP-INQHA09L" failures="0" tests="4" name="AddressTestCases.AddressTest" time="15.845" errors="0" timestamp="16 Mar 2022 09:20:50 GMT" skipped="0">
  <testcase classname="AddressTestCases.AddressTest" name="createAddressTest" time="2.833"/>
  <testcase classname="AddressTestCases.AddressTest" name="updateAddressTest" time="5.852"/>
  <testcase classname="AddressTestCases.AddressTest" name="getAddressTest" time="3.101"/>
  <testcase classname="AddressTestCases.AddressTest" name="deleteAddressTest" time="4.059"/>
</testsuite> <!-- AddressTestCases.AddressTest -->
